

Processing AjaxController#index (for 127.0.0.1 at 2009-09-23 22:27:42) [GET]
Rendering template within layouts/extjs
Rendering ajax/index
Completed in 11ms (View: 10, DB: 0) | 200 OK [http://localhost/]


Processing ApplicationController#index (for 127.0.0.1 at 2009-09-23 22:27:42) [GET]

ActionController::RoutingError (No route matches "/javascripts/ext/adapter/prototype/prototype.js" with {:method=>:get}):
  

Rendering rescues/layout (not_found)


Processing ApplicationController#index (for 127.0.0.1 at 2009-09-23 22:27:42) [GET]

ActionController::RoutingError (No route matches "/javascripts/ext/adapter/prototype/scriptaculous.js" with {:method=>:get}):
  

Rendering rescues/layout (not_found)


Processing ApplicationController#index (for 127.0.0.1 at 2009-09-23 22:27:42) [GET]

ActionController::RoutingError (No route matches "/javascripts/ext/adapter/prototype/effects.js" with {:method=>:get}):
  

Rendering rescues/layout (not_found)


Processing AjaxController#index (for 127.0.0.1 at 2009-09-23 22:32:17) [GET]
Rendering template within layouts/extjs
Rendering ajax/index
Completed in 9ms (View: 8, DB: 0) | 200 OK [http://localhost/]


Processing ApplicationController#index (for 127.0.0.1 at 2009-09-23 22:32:17) [GET]

ActionController::RoutingError (No route matches "/javascripts/ext/adapter/prototype/prototype.js" with {:method=>:get}):
  

Rendering rescues/layout (not_found)


Processing ApplicationController#index (for 127.0.0.1 at 2009-09-23 22:32:18) [GET]

ActionController::RoutingError (No route matches "/javascripts/ext/adapter/prototype/scriptaculous.js" with {:method=>:get}):
  

Rendering rescues/layout (not_found)


Processing ApplicationController#index (for 127.0.0.1 at 2009-09-23 22:32:18) [GET]

ActionController::RoutingError (No route matches "/javascripts/ext/adapter/prototype/effects.js" with {:method=>:get}):
  

Rendering rescues/layout (not_found)


Processing ApplicationController#index (for 127.0.0.1 at 2009-09-23 22:32:18) [GET]

ActionController::RoutingError (No route matches "/javascripts/ext/adapter/prototype/scriptaculous.js" with {:method=>:get}):
  

Rendering rescues/layout (not_found)


Processing ApplicationController#index (for 127.0.0.1 at 2009-09-23 22:32:18) [GET]

ActionController::RoutingError (No route matches "/javascripts/ext/adapter/prototype/effects.js" with {:method=>:get}):
  

Rendering rescues/layout (not_found)


Processing AjaxController#index (for 127.0.0.1 at 2009-09-23 22:32:59) [GET]
Rendering template within layouts/extjs
Rendering ajax/index
Completed in 6ms (View: 4, DB: 0) | 200 OK [http://localhost/]


Processing ApplicationController#index (for 127.0.0.1 at 2009-09-23 22:32:59) [GET]

ActionController::RoutingError (No route matches "/javascripts/ext/adapter/prototype/prototype.js" with {:method=>:get}):
  

Rendering rescues/layout (not_found)


Processing ApplicationController#index (for 127.0.0.1 at 2009-09-23 22:32:59) [GET]

ActionController::RoutingError (No route matches "/javascripts/ext/adapter/prototype/scriptaculous.js" with {:method=>:get}):
  

Rendering rescues/layout (not_found)


Processing ApplicationController#index (for 127.0.0.1 at 2009-09-23 22:32:59) [GET]

ActionController::RoutingError (No route matches "/javascripts/ext/adapter/prototype/effects.js" with {:method=>:get}):
  

Rendering rescues/layout (not_found)


Processing ApplicationController#index (for 127.0.0.1 at 2009-09-23 22:33:00) [GET]

ActionController::RoutingError (No route matches "/javascripts/ext/adapter/prototype/prototype.js" with {:method=>:get}):
  

Rendering rescues/layout (not_found)


Processing ApplicationController#index (for 127.0.0.1 at 2009-09-23 22:33:00) [GET]

ActionController::RoutingError (No route matches "/javascripts/ext/adapter/prototype/scriptaculous.js" with {:method=>:get}):
  

Rendering rescues/layout (not_found)


Processing ApplicationController#index (for 127.0.0.1 at 2009-09-23 22:33:00) [GET]

ActionController::RoutingError (No route matches "/javascripts/ext/adapter/prototype/effects.js" with {:method=>:get}):
  

Rendering rescues/layout (not_found)


Processing AjaxController#index (for 127.0.0.1 at 2009-09-23 22:35:11) [GET]
Rendering template within layouts/extjs
Rendering ajax/index
Completed in 7ms (View: 5, DB: 0) | 200 OK [http://localhost/]


Processing ApplicationController#index (for 127.0.0.1 at 2009-09-23 22:35:11) [GET]

ActionController::RoutingError (No route matches "/javascripts/ext/adapter/prototype/prototype.js" with {:method=>:get}):
  

Rendering rescues/layout (not_found)


Processing ApplicationController#index (for 127.0.0.1 at 2009-09-23 22:35:11) [GET]

ActionController::RoutingError (No route matches "/javascripts/ext/adapter/prototype/scriptaculous.js" with {:method=>:get}):
  

Rendering rescues/layout (not_found)


Processing ApplicationController#index (for 127.0.0.1 at 2009-09-23 22:35:11) [GET]

ActionController::RoutingError (No route matches "/javascripts/ext/adapter/prototype/effects.js" with {:method=>:get}):
  

Rendering rescues/layout (not_found)


Processing ApplicationController#index (for 127.0.0.1 at 2009-09-23 22:35:12) [GET]

ActionController::RoutingError (No route matches "/javascripts/ext/adapter/prototype/prototype.js" with {:method=>:get}):
  

Rendering rescues/layout (not_found)


Processing ApplicationController#index (for 127.0.0.1 at 2009-09-23 22:35:12) [GET]

ActionController::RoutingError (No route matches "/javascripts/ext/adapter/prototype/scriptaculous.js" with {:method=>:get}):
  

Rendering rescues/layout (not_found)


Processing ApplicationController#index (for 127.0.0.1 at 2009-09-23 22:35:12) [GET]

ActionController::RoutingError (No route matches "/javascripts/ext/adapter/prototype/effects.js" with {:method=>:get}):
  

Rendering rescues/layout (not_found)


Processing AjaxController#page1 (for 127.0.0.1 at 2009-09-23 22:35:13) [GET]

NoMethodError (undefined method `date' for #<AjaxController:0x2630018>):
  app/controllers/ajax_controller.rb:9:in `page1'

Rendered rescues/_trace (27.8ms)
Rendered rescues/_request_and_response (1.8ms)
Rendering rescues/layout (internal_server_error)


Processing AjaxController#index (for 127.0.0.1 at 2009-09-23 22:35:42) [GET]
Rendering template within layouts/extjs
Rendering ajax/index
Completed in 3ms (View: 2, DB: 0) | 200 OK [http://localhost/]


Processing ApplicationController#index (for 127.0.0.1 at 2009-09-23 22:35:42) [GET]

ActionController::RoutingError (No route matches "/javascripts/ext/adapter/prototype/prototype.js" with {:method=>:get}):
  

Rendering rescues/layout (not_found)


Processing ApplicationController#index (for 127.0.0.1 at 2009-09-23 22:35:42) [GET]

ActionController::RoutingError (No route matches "/javascripts/ext/adapter/prototype/scriptaculous.js" with {:method=>:get}):
  

Rendering rescues/layout (not_found)


Processing ApplicationController#index (for 127.0.0.1 at 2009-09-23 22:35:42) [GET]

ActionController::RoutingError (No route matches "/javascripts/ext/adapter/prototype/effects.js" with {:method=>:get}):
  

Rendering rescues/layout (not_found)


Processing ApplicationController#index (for 127.0.0.1 at 2009-09-23 22:35:43) [GET]

ActionController::RoutingError (No route matches "/javascripts/ext/adapter/prototype/prototype.js" with {:method=>:get}):
  

Rendering rescues/layout (not_found)


Processing ApplicationController#index (for 127.0.0.1 at 2009-09-23 22:35:43) [GET]

ActionController::RoutingError (No route matches "/javascripts/ext/adapter/prototype/scriptaculous.js" with {:method=>:get}):
  

Rendering rescues/layout (not_found)


Processing ApplicationController#index (for 127.0.0.1 at 2009-09-23 22:35:43) [GET]

ActionController::RoutingError (No route matches "/javascripts/ext/adapter/prototype/effects.js" with {:method=>:get}):
  

Rendering rescues/layout (not_found)


Processing AjaxController#page1 (for 127.0.0.1 at 2009-09-23 22:35:44) [GET]
Rendering ajax/page1
Completed in 1008ms (View: 6, DB: 0) | 200 OK [http://localhost/ajax/page1]


Processing AjaxController#page2 (for 127.0.0.1 at 2009-09-23 22:35:48) [GET]
Rendering ajax/page2
Completed in 1008ms (View: 6, DB: 0) | 200 OK [http://localhost/ajax/page2]


Processing AjaxController#index (for 127.0.0.1 at 2009-09-23 22:36:42) [GET]
Rendering template within layouts/extjs
Rendering ajax/index
Completed in 6ms (View: 5, DB: 0) | 200 OK [http://localhost/]


Processing ApplicationController#index (for 127.0.0.1 at 2009-09-23 22:36:42) [GET]

ActionController::RoutingError (No route matches "/javascripts/ext/adapter/prototype/scriptaculous.js" with {:method=>:get}):
  

Rendering rescues/layout (not_found)


Processing ApplicationController#index (for 127.0.0.1 at 2009-09-23 22:36:42) [GET]

ActionController::RoutingError (No route matches "/javascripts/ext/adapter/prototype/prototype.js" with {:method=>:get}):
  

Rendering rescues/layout (not_found)


Processing ApplicationController#index (for 127.0.0.1 at 2009-09-23 22:36:42) [GET]

ActionController::RoutingError (No route matches "/javascripts/ext/adapter/prototype/effects.js" with {:method=>:get}):
  

Rendering rescues/layout (not_found)


Processing ApplicationController#index (for 127.0.0.1 at 2009-09-23 22:36:42) [GET]

ActionController::RoutingError (No route matches "/javascripts/ext/adapter/prototype/prototype.js" with {:method=>:get}):
  

Rendering rescues/layout (not_found)


Processing ApplicationController#index (for 127.0.0.1 at 2009-09-23 22:36:42) [GET]

ActionController::RoutingError (No route matches "/javascripts/ext/adapter/prototype/scriptaculous.js" with {:method=>:get}):
  

Rendering rescues/layout (not_found)


Processing ApplicationController#index (for 127.0.0.1 at 2009-09-23 22:36:42) [GET]

ActionController::RoutingError (No route matches "/javascripts/ext/adapter/prototype/effects.js" with {:method=>:get}):
  

Rendering rescues/layout (not_found)


Processing AjaxController#page1 (for 127.0.0.1 at 2009-09-23 22:36:44) [GET]
Rendering ajax/page1
Completed in 1003ms (View: 1, DB: 0) | 200 OK [http://localhost/ajax/page1]


Processing AjaxController#index (for 127.0.0.1 at 2009-09-23 22:37:06) [GET]
Rendering template within layouts/extjs
Rendering ajax/index
Completed in 3ms (View: 2, DB: 0) | 200 OK [http://localhost/]


Processing ApplicationController#index (for 127.0.0.1 at 2009-09-23 22:37:06) [GET]

ActionController::RoutingError (No route matches "/javascripts/ext/adapter/prototype/prototype.js" with {:method=>:get}):
  

Rendering rescues/layout (not_found)


Processing ApplicationController#index (for 127.0.0.1 at 2009-09-23 22:37:06) [GET]

ActionController::RoutingError (No route matches "/javascripts/ext/adapter/prototype/scriptaculous.js" with {:method=>:get}):
  

Rendering rescues/layout (not_found)


Processing ApplicationController#index (for 127.0.0.1 at 2009-09-23 22:37:06) [GET]

ActionController::RoutingError (No route matches "/javascripts/ext/adapter/prototype/effects.js" with {:method=>:get}):
  

Rendering rescues/layout (not_found)


Processing ApplicationController#index (for 127.0.0.1 at 2009-09-23 22:37:07) [GET]

ActionController::RoutingError (No route matches "/javascripts/ext/adapter/prototype/prototype.js" with {:method=>:get}):
  

Rendering rescues/layout (not_found)


Processing ApplicationController#index (for 127.0.0.1 at 2009-09-23 22:37:07) [GET]

ActionController::RoutingError (No route matches "/javascripts/ext/adapter/prototype/scriptaculous.js" with {:method=>:get}):
  

Rendering rescues/layout (not_found)


Processing ApplicationController#index (for 127.0.0.1 at 2009-09-23 22:37:07) [GET]

ActionController::RoutingError (No route matches "/javascripts/ext/adapter/prototype/effects.js" with {:method=>:get}):
  

Rendering rescues/layout (not_found)


Processing AjaxController#page1 (for 127.0.0.1 at 2009-09-23 22:37:08) [GET]
Rendering ajax/page1
Completed in 1004ms (View: 1, DB: 0) | 200 OK [http://localhost/ajax/page1]


Processing AjaxController#index (for 127.0.0.1 at 2009-09-23 22:37:16) [GET]
Rendering template within layouts/extjs
Rendering ajax/index
Completed in 3ms (View: 2, DB: 0) | 200 OK [http://localhost/]


Processing ApplicationController#index (for 127.0.0.1 at 2009-09-23 22:37:16) [GET]

ActionController::RoutingError (No route matches "/javascripts/ext/adapter/prototype/prototype.js" with {:method=>:get}):
  

Rendering rescues/layout (not_found)


Processing ApplicationController#index (for 127.0.0.1 at 2009-09-23 22:37:16) [GET]

ActionController::RoutingError (No route matches "/javascripts/ext/adapter/prototype/scriptaculous.js" with {:method=>:get}):
  

Rendering rescues/layout (not_found)


Processing ApplicationController#index (for 127.0.0.1 at 2009-09-23 22:37:16) [GET]

ActionController::RoutingError (No route matches "/javascripts/ext/adapter/prototype/effects.js" with {:method=>:get}):
  

Rendering rescues/layout (not_found)


Processing ApplicationController#index (for 127.0.0.1 at 2009-09-23 22:37:17) [GET]

ActionController::RoutingError (No route matches "/javascripts/ext/adapter/prototype/prototype.js" with {:method=>:get}):
  

Rendering rescues/layout (not_found)


Processing ApplicationController#index (for 127.0.0.1 at 2009-09-23 22:37:17) [GET]

ActionController::RoutingError (No route matches "/javascripts/ext/adapter/prototype/scriptaculous.js" with {:method=>:get}):
  

Rendering rescues/layout (not_found)


Processing ApplicationController#index (for 127.0.0.1 at 2009-09-23 22:37:17) [GET]

ActionController::RoutingError (No route matches "/javascripts/ext/adapter/prototype/effects.js" with {:method=>:get}):
  

Rendering rescues/layout (not_found)


Processing AjaxController#page1 (for 127.0.0.1 at 2009-09-23 22:37:18) [GET]
Rendering ajax/page1
Completed in 1002ms (View: 1, DB: 0) | 200 OK [http://localhost/ajax/page1]


Processing AjaxController#index (for 127.0.0.1 at 2009-09-23 22:37:22) [GET]
Rendering template within layouts/extjs
Rendering ajax/index
Completed in 53ms (View: 52, DB: 0) | 200 OK [http://localhost/]


Processing ApplicationController#index (for 127.0.0.1 at 2009-09-23 22:37:22) [GET]

ActionController::RoutingError (No route matches "/javascripts/ext/adapter/prototype/prototype.js" with {:method=>:get}):
  

Rendering rescues/layout (not_found)


Processing ApplicationController#index (for 127.0.0.1 at 2009-09-23 22:37:22) [GET]

ActionController::RoutingError (No route matches "/javascripts/ext/adapter/prototype/scriptaculous.js" with {:method=>:get}):
  

Rendering rescues/layout (not_found)


Processing ApplicationController#index (for 127.0.0.1 at 2009-09-23 22:37:22) [GET]

ActionController::RoutingError (No route matches "/javascripts/ext/adapter/prototype/effects.js" with {:method=>:get}):
  

Rendering rescues/layout (not_found)


Processing ApplicationController#index (for 127.0.0.1 at 2009-09-23 22:37:22) [GET]

ActionController::RoutingError (No route matches "/javascripts/ext/adapter/prototype/prototype.js" with {:method=>:get}):
  

Rendering rescues/layout (not_found)


Processing ApplicationController#index (for 127.0.0.1 at 2009-09-23 22:37:23) [GET]

ActionController::RoutingError (No route matches "/javascripts/ext/adapter/prototype/scriptaculous.js" with {:method=>:get}):
  

Rendering rescues/layout (not_found)


Processing ApplicationController#index (for 127.0.0.1 at 2009-09-23 22:37:23) [GET]

ActionController::RoutingError (No route matches "/javascripts/ext/adapter/prototype/effects.js" with {:method=>:get}):
  

Rendering rescues/layout (not_found)


Processing AjaxController#page1 (for 127.0.0.1 at 2009-09-23 22:37:24) [GET]
Rendering ajax/page1
Completed in 1003ms (View: 1, DB: 0) | 200 OK [http://localhost/ajax/page1]


Processing AjaxController#index (for 127.0.0.1 at 2009-09-23 22:37:29) [GET]
Rendering template within layouts/extjs
Rendering ajax/index
Completed in 6ms (View: 2, DB: 0) | 200 OK [http://localhost/]


Processing ApplicationController#index (for 127.0.0.1 at 2009-09-23 22:37:29) [GET]

ActionController::RoutingError (No route matches "/javascripts/ext/adapter/prototype/prototype.js" with {:method=>:get}):
  

Rendering rescues/layout (not_found)


Processing ApplicationController#index (for 127.0.0.1 at 2009-09-23 22:37:29) [GET]

ActionController::RoutingError (No route matches "/javascripts/ext/adapter/prototype/scriptaculous.js" with {:method=>:get}):
  

Rendering rescues/layout (not_found)


Processing ApplicationController#index (for 127.0.0.1 at 2009-09-23 22:37:29) [GET]

ActionController::RoutingError (No route matches "/javascripts/ext/adapter/prototype/effects.js" with {:method=>:get}):
  

Rendering rescues/layout (not_found)


Processing ApplicationController#index (for 127.0.0.1 at 2009-09-23 22:37:29) [GET]

ActionController::RoutingError (No route matches "/javascripts/ext/adapter/prototype/prototype.js" with {:method=>:get}):
  

Rendering rescues/layout (not_found)


Processing ApplicationController#index (for 127.0.0.1 at 2009-09-23 22:37:30) [GET]

ActionController::RoutingError (No route matches "/javascripts/ext/adapter/prototype/scriptaculous.js" with {:method=>:get}):
  

Rendering rescues/layout (not_found)


Processing ApplicationController#index (for 127.0.0.1 at 2009-09-23 22:37:30) [GET]

ActionController::RoutingError (No route matches "/javascripts/ext/adapter/prototype/effects.js" with {:method=>:get}):
  

Rendering rescues/layout (not_found)


Processing AjaxController#page1 (for 127.0.0.1 at 2009-09-23 22:37:32) [GET]
Rendering ajax/page1
Completed in 1004ms (View: 2, DB: 0) | 200 OK [http://localhost/ajax/page1]


Processing AjaxController#index (for 127.0.0.1 at 2009-09-23 22:37:54) [GET]
Rendering template within layouts/extjs
Rendering ajax/index
Completed in 3ms (View: 2, DB: 0) | 200 OK [http://localhost/]


Processing ApplicationController#index (for 127.0.0.1 at 2009-09-23 22:37:54) [GET]

ActionController::RoutingError (No route matches "/javascripts/ext/adapter/prototype/prototype.js" with {:method=>:get}):
  

Rendering rescues/layout (not_found)


Processing ApplicationController#index (for 127.0.0.1 at 2009-09-23 22:37:54) [GET]

ActionController::RoutingError (No route matches "/javascripts/ext/adapter/prototype/scriptaculous.js" with {:method=>:get}):
  

Rendering rescues/layout (not_found)


Processing ApplicationController#index (for 127.0.0.1 at 2009-09-23 22:37:54) [GET]

ActionController::RoutingError (No route matches "/javascripts/ext/adapter/prototype/effects.js" with {:method=>:get}):
  

Rendering rescues/layout (not_found)


Processing ApplicationController#index (for 127.0.0.1 at 2009-09-23 22:37:54) [GET]

ActionController::RoutingError (No route matches "/javascripts/ext/adapter/prototype/prototype.js" with {:method=>:get}):
  

Rendering rescues/layout (not_found)


Processing ApplicationController#index (for 127.0.0.1 at 2009-09-23 22:37:54) [GET]

ActionController::RoutingError (No route matches "/javascripts/ext/adapter/prototype/scriptaculous.js" with {:method=>:get}):
  

Rendering rescues/layout (not_found)


Processing ApplicationController#index (for 127.0.0.1 at 2009-09-23 22:37:54) [GET]

ActionController::RoutingError (No route matches "/javascripts/ext/adapter/prototype/effects.js" with {:method=>:get}):
  

Rendering rescues/layout (not_found)


Processing AjaxController#page1 (for 127.0.0.1 at 2009-09-23 22:37:55) [GET]
Rendering ajax/page1
Completed in 1003ms (View: 1, DB: 0) | 200 OK [http://localhost/ajax/page1]


Processing AjaxController#page2 (for 127.0.0.1 at 2009-09-23 22:37:59) [GET]
Rendering ajax/page2
Completed in 1003ms (View: 1, DB: 0) | 200 OK [http://localhost/ajax/page2]


Processing AjaxController#index (for 127.0.0.1 at 2009-09-23 22:46:54) [GET]
Rendering template within layouts/extjs
Rendering ajax/index
Completed in 11ms (View: 10, DB: 0) | 200 OK [http://localhost/]


Processing ApplicationController#index (for 127.0.0.1 at 2009-09-23 22:46:54) [GET]

ActionController::RoutingError (No route matches "/javascripts/ext/adapter/prototype/prototype.js" with {:method=>:get}):
  

Rendering rescues/layout (not_found)


Processing ApplicationController#index (for 127.0.0.1 at 2009-09-23 22:46:54) [GET]

ActionController::RoutingError (No route matches "/javascripts/ext/adapter/prototype/effects.js" with {:method=>:get}):
  

Rendering rescues/layout (not_found)


Processing ApplicationController#index (for 127.0.0.1 at 2009-09-23 22:46:54) [GET]

ActionController::RoutingError (No route matches "/javascripts/ext/adapter/prototype/scriptaculous.js" with {:method=>:get}):
  

Rendering rescues/layout (not_found)


Processing ApplicationController#index (for 127.0.0.1 at 2009-09-23 22:46:54) [GET]

ActionController::RoutingError (No route matches "/javascripts/ext/adapter/prototype/prototype.js" with {:method=>:get}):
  

Rendering rescues/layout (not_found)


Processing ApplicationController#index (for 127.0.0.1 at 2009-09-23 22:46:54) [GET]

ActionController::RoutingError (No route matches "/javascripts/ext/adapter/prototype/scriptaculous.js" with {:method=>:get}):
  

Rendering rescues/layout (not_found)


Processing ApplicationController#index (for 127.0.0.1 at 2009-09-23 22:46:55) [GET]

ActionController::RoutingError (No route matches "/javascripts/ext/adapter/prototype/effects.js" with {:method=>:get}):
  

Rendering rescues/layout (not_found)


Processing AjaxController#page1 (for 127.0.0.1 at 2009-09-23 22:46:55) [GET]
Rendering ajax/page1
Completed in 1008ms (View: 6, DB: 0) | 200 OK [http://localhost/ajax/page1]


Processing AjaxController#page2 (for 127.0.0.1 at 2009-09-23 22:46:58) [GET]
Rendering ajax/page2
Completed in 1007ms (View: 5, DB: 0) | 200 OK [http://localhost/ajax/page2]
